
------------------------------------
  Logging start.  ## CURRENT TIME  : [12/30, 2015   21:33  4.962]  ## COMMAND LINE  : 
cmd /C "gen_csini.exe"
------------------------------------
[STD-IN] : C:\cygwin\home\roi\toppers\asp-1.9.2\tools\TrueSTUDIO\.metadata\.plugins\sst.csgp\bin\env_vars.txt
GUI is waiting for subprocess to be done...
Execution done. EXIT CODE = 0
  Logging finished.  ## CURRENT TIME  : [12/30, 2015   21:33  8.389]
------------------------------------

------------------------------------
  Logging start.  ## CURRENT TIME  : [12/30, 2015   21:52  43.504]  ## COMMAND LINE  : 
cmd /C "gen_csini.exe"
------------------------------------
[STD-IN] : C:\cygwin\home\roi\toppers\asp-1.9.2\tools\TrueSTUDIO\.metadata\.plugins\sst.csgp\bin\env_vars.txt
GUI is waiting for subprocess to be done...
Execution done. EXIT CODE = 0
  Logging finished.  ## CURRENT TIME  : [12/30, 2015   21:52  47.152]
------------------------------------

------------------------------------
  Logging start.  ## CURRENT TIME  : [12/30, 2015   22:51  31.394]  ## COMMAND LINE  : 
cmd /C "gen_csini.exe"
------------------------------------
[STD-IN] : C:\cygwin\home\roi\toppers\asp-1.9.2\tools\TrueSTUDIO\.metadata\.plugins\sst.csgp\bin\env_vars.txt
GUI is waiting for subprocess to be done...
Execution done. EXIT CODE = 0
  Logging finished.  ## CURRENT TIME  : [12/30, 2015   22:51  34.862]
------------------------------------

------------------------------------
  Logging start.  ## CURRENT TIME  : [12/30, 2015   22:58  22.943]  ## COMMAND LINE  : 
cmd /C "gen_csini.exe"
------------------------------------
[STD-IN] : C:\cygwin\home\roi\toppers\asp-1.9.2\tools\TrueSTUDIO\.metadata\.plugins\sst.csgp\bin\env_vars.txt
GUI is waiting for subprocess to be done...
Execution done. EXIT CODE = 0
  Logging finished.  ## CURRENT TIME  : [12/30, 2015   22:58  26.410]
------------------------------------

------------------------------------
  Logging start.  ## CURRENT TIME  : [12/30, 2015   23:4  13.520]  ## COMMAND LINE  : 
cmd /C "gen_csini.exe"
------------------------------------
[STD-IN] : C:\cygwin\home\roi\toppers\asp-1.9.2\tools\TrueSTUDIO\.metadata\.plugins\sst.csgp\bin\env_vars.txt
GUI is waiting for subprocess to be done...
Execution done. EXIT CODE = 0
  Logging finished.  ## CURRENT TIME  : [12/30, 2015   23:4  16.979]
------------------------------------

------------------------------------
  Logging start.  ## CURRENT TIME  : [12/30, 2015   23:12  14.369]  ## COMMAND LINE  : 
cmd /C "gen_csini.exe"
------------------------------------
[STD-IN] : C:\cygwin\home\roi\toppers\asp-1.9.2\tools\TrueSTUDIO\.metadata\.plugins\sst.csgp\bin\env_vars.txt
GUI is waiting for subprocess to be done...
Execution done. EXIT CODE = 0
  Logging finished.  ## CURRENT TIME  : [12/30, 2015   23:12  17.617]
------------------------------------

------------------------------------
  Logging start.  ## CURRENT TIME  : [12/30, 2015   23:33  23.220]  ## COMMAND LINE  : 
cmd /C "gen_csini.exe"
------------------------------------
[STD-IN] : C:\cygwin\home\roi\toppers\asp-1.9.2\tools\TrueSTUDIO\.metadata\.plugins\sst.csgp\bin\env_vars.txt
GUI is waiting for subprocess to be done...
Execution done. EXIT CODE = 0
  Logging finished.  ## CURRENT TIME  : [12/30, 2015   23:33  26.764]
------------------------------------

------------------------------------
  Logging start.  ## CURRENT TIME  : [12/30, 2015   23:45  28.506]  ## COMMAND LINE  : 
cmd /C "gen_csini.exe"
------------------------------------
[STD-IN] : C:\cygwin\home\roi\toppers\asp-1.9.2\tools\TrueSTUDIO\.metadata\.plugins\sst.csgp\bin\env_vars.txt
GUI is waiting for subprocess to be done...
Execution done. EXIT CODE = 0
  Logging finished.  ## CURRENT TIME  : [12/30, 2015   23:45  32.55]
------------------------------------

------------------------------------
  Logging start.  ## CURRENT TIME  : [12/31, 2015   0:19  43.199]  ## COMMAND LINE  : 
cmd /C "gen_csini.exe"
------------------------------------
[STD-IN] : C:\cygwin\home\roi\toppers\asp-1.9.2\tools\TrueSTUDIO\.metadata\.plugins\sst.csgp\bin\env_vars.txt
GUI is waiting for subprocess to be done...
Execution done. EXIT CODE = 0
  Logging finished.  ## CURRENT TIME  : [12/31, 2015   0:19  46.992]
------------------------------------
